<?xml version="1.0" encoding="UTF-8"?>
<robot generator="Robot 7.2.2 (Python 3.13.2 on win32)" generated="2025-04-09T03:03:45.655673" rpa="false" schemaversion="5">
<suite id="s1" name="Checkout" source="C:\Users\walidlmc\Desktop\Folders\Robot Course\Jenkins-robot\tests\checkout.robot">
<test id="s1-t1" name="Test Checkout Page" line="11">
<kw name="Open Browser" owner="SeleniumLibrary">
<msg time="2025-04-09T03:03:46.612138" level="INFO">Opening browser 'chrome' to base url 'https://magento.softwaretestingboard.com/'.</msg>
<arg>${URL}</arg>
<arg>${BROWSER}</arg>
<doc>Opens a new browser instance to the optional ``url``.</doc>
<status status="PASS" start="2025-04-09T03:03:46.611353" elapsed="29.943193"/>
</kw>
<kw name="Login As User" owner="keywords">
<kw name="Wait Until Element Is Visible" owner="SeleniumLibrary">
<arg>xpath=//a[contains(text(),'Sign In')]</arg>
<arg>timeout=10s</arg>
<doc>Waits until the element ``locator`` is visible.</doc>
<status status="PASS" start="2025-04-09T03:04:16.560652" elapsed="0.092273"/>
</kw>
<kw name="Click Element" owner="SeleniumLibrary">
<msg time="2025-04-09T03:04:16.653719" level="INFO">Clicking element 'xpath=//a[contains(text(),'Sign In')]'.</msg>
<arg>xpath=//a[contains(text(),'Sign In')]</arg>
<doc>Click the element identified by ``locator``.</doc>
<status status="PASS" start="2025-04-09T03:04:16.653385" elapsed="2.435088"/>
</kw>
<kw name="Wait Until Element Is Visible" owner="SeleniumLibrary">
<arg>id=email</arg>
<arg>timeout=10s</arg>
<doc>Waits until the element ``locator`` is visible.</doc>
<status status="PASS" start="2025-04-09T03:04:19.088923" elapsed="0.666405"/>
</kw>
<kw name="Input Text" owner="SeleniumLibrary">
<msg time="2025-04-09T03:04:19.756475" level="INFO">Typing text 'walid00.dak@gmail.com' into text field 'id=email'.</msg>
<arg>id=email</arg>
<arg>${EMAIL}</arg>
<doc>Types the given ``text`` into the text field identified by ``locator``.</doc>
<status status="PASS" start="2025-04-09T03:04:19.755808" elapsed="0.506010"/>
</kw>
<kw name="Input Text" owner="SeleniumLibrary">
<msg time="2025-04-09T03:04:20.262847" level="INFO">Typing text 'password123@' into text field 'id=pass'.</msg>
<arg>id=pass</arg>
<arg>${PASSWORD}</arg>
<doc>Types the given ``text`` into the text field identified by ``locator``.</doc>
<status status="PASS" start="2025-04-09T03:04:20.262264" elapsed="0.246090"/>
</kw>
<kw name="Wait Until Element Is Visible" owner="SeleniumLibrary">
<arg>xpath=//button[@type='submit']</arg>
<arg>timeout=10s</arg>
<doc>Waits until the element ``locator`` is visible.</doc>
<status status="PASS" start="2025-04-09T03:04:20.508833" elapsed="0.051370"/>
</kw>
<kw name="Click Element" owner="SeleniumLibrary">
<msg time="2025-04-09T03:04:20.561401" level="INFO">Clicking element 'xpath=//a[contains(text(),'Sign In')]'.</msg>
<arg>xpath=//a[contains(text(),'Sign In')]</arg>
<doc>Click the element identified by ``locator``.</doc>
<status status="PASS" start="2025-04-09T03:04:20.560790" elapsed="1.163581"/>
</kw>
<arg>${email}</arg>
<arg>${password}</arg>
<status status="PASS" start="2025-04-09T03:04:16.557578" elapsed="5.167068"/>
</kw>
<kw name="Add Product To Cart" owner="keywords">
<kw name="Input Text" owner="SeleniumLibrary">
<msg time="2025-04-09T03:04:21.727639" level="INFO">Typing text 'hoodie' into text field 'id=search'.</msg>
<arg>id=search</arg>
<arg>hoodie</arg>
<doc>Types the given ``text`` into the text field identified by ``locator``.</doc>
<status status="PASS" start="2025-04-09T03:04:21.726977" elapsed="0.391661"/>
</kw>
<kw name="Press Keys" owner="SeleniumLibrary">
<msg time="2025-04-09T03:04:22.119869" level="INFO">Sending key(s) ('ENTER',) to id=search element.</msg>
<msg time="2025-04-09T03:04:22.448001" level="INFO">Pressing special key ENTER to element.</msg>
<msg time="2025-04-09T03:04:22.448283" level="INFO">Releasing special key ENTER.</msg>
<arg>id=search</arg>
<arg>ENTER</arg>
<doc>Simulates the user pressing key(s) to an element or on the active browser.</doc>
<status status="PASS" start="2025-04-09T03:04:22.119072" elapsed="2.151448"/>
</kw>
<kw name="Wait Until Page Contains" owner="SeleniumLibrary">
<arg>Search results</arg>
<doc>Waits until ``text`` appears on the current page.</doc>
<status status="PASS" start="2025-04-09T03:04:24.271092" elapsed="0.282774"/>
</kw>
<kw name="Click Element" owner="SeleniumLibrary">
<msg time="2025-04-09T03:04:24.554813" level="INFO">Clicking element 'xpath=//a[contains(text(),'Oslo Trek Hoodie')]'.</msg>
<arg>xpath=//a[contains(text(),'Oslo Trek Hoodie')]</arg>
<doc>Click the element identified by ``locator``.</doc>
<status status="PASS" start="2025-04-09T03:04:24.554310" elapsed="1.334698"/>
</kw>
<kw name="Wait Until Element Is Visible" owner="SeleniumLibrary">
<arg>xpath=//span[contains(text(),'Add to Cart')]</arg>
<arg>3s</arg>
<doc>Waits until the element ``locator`` is visible.</doc>
<status status="PASS" start="2025-04-09T03:04:25.889486" elapsed="0.263723"/>
</kw>
<kw name="Click Element" owner="SeleniumLibrary">
<msg time="2025-04-09T03:04:26.153850" level="INFO">Clicking element 'xpath=//*[@id="option-label-size-143-item-168"]'.</msg>
<arg>xpath=//*[@id="option-label-size-143-item-168"]</arg>
<doc>Click the element identified by ``locator``.</doc>
<status status="PASS" start="2025-04-09T03:04:26.153554" elapsed="0.177995"/>
</kw>
<kw name="Click Element" owner="SeleniumLibrary">
<msg time="2025-04-09T03:04:26.332386" level="INFO">Clicking element 'xpath=//*[@id="option-label-color-93-item-57"]'.</msg>
<arg>xpath=//*[@id="option-label-color-93-item-57"]</arg>
<doc>Click the element identified by ``locator``.</doc>
<status status="PASS" start="2025-04-09T03:04:26.331951" elapsed="0.453791"/>
</kw>
<kw name="Click Element" owner="SeleniumLibrary">
<msg time="2025-04-09T03:04:26.786821" level="INFO">Clicking element 'xpath=//span[contains(text(),'Add to Cart')]'.</msg>
<arg>xpath=//span[contains(text(),'Add to Cart')]</arg>
<doc>Click the element identified by ``locator``.</doc>
<status status="PASS" start="2025-04-09T03:04:26.786256" elapsed="0.140765"/>
</kw>
<kw name="Wait Until Page Contains" owner="SeleniumLibrary">
<arg>You added</arg>
<doc>Waits until ``text`` appears on the current page.</doc>
<status status="PASS" start="2025-04-09T03:04:26.927751" elapsed="2.311357"/>
</kw>
<arg>168</arg>
<arg>57</arg>
<status status="PASS" start="2025-04-09T03:04:21.725590" elapsed="7.513966"/>
</kw>
<kw name="Checkout" owner="keywords">
<kw name="Click Element" owner="SeleniumLibrary">
<msg time="2025-04-09T03:04:29.242232" level="INFO">Clicking element 'xpath=/html/body/div[2]/header/div[2]/div[1]/a'.</msg>
<arg>xpath=/html/body/div[2]/header/div[2]/div[1]/a</arg>
<doc>Click the element identified by ``locator``.</doc>
<status status="PASS" start="2025-04-09T03:04:29.241644" elapsed="0.344340"/>
</kw>
<kw name="Click Element" owner="SeleniumLibrary">
<msg time="2025-04-09T03:04:29.587322" level="INFO">Clicking element 'xpath=//*[@id="top-cart-btn-checkout"]'.</msg>
<arg>xpath=//*[@id="top-cart-btn-checkout"]</arg>
<doc>Click the element identified by ``locator``.</doc>
<status status="PASS" start="2025-04-09T03:04:29.586753" elapsed="1.941720"/>
</kw>
<kw name="Wait Until Page Contains" owner="SeleniumLibrary">
<arg>Shipping Address</arg>
<doc>Waits until ``text`` appears on the current page.</doc>
<status status="PASS" start="2025-04-09T03:04:31.528881" elapsed="2.334746"/>
</kw>
<status status="PASS" start="2025-04-09T03:04:29.240724" elapsed="4.623197"/>
</kw>
<kw name="Close Browser" owner="SeleniumLibrary">
<doc>Closes the current browser.</doc>
<status status="PASS" start="2025-04-09T03:04:33.864598" elapsed="2.553142"/>
</kw>
<status status="PASS" start="2025-04-09T03:03:46.608475" elapsed="49.829060"/>
</test>
<status status="PASS" start="2025-04-09T03:03:45.659969" elapsed="50.855272"/>
</suite>
<statistics>
<total>
<stat pass="1" fail="0" skip="0">All Tests</stat>
</total>
<tag>
</tag>
<suite>
<stat name="Checkout" id="s1" pass="1" fail="0" skip="0">Checkout</stat>
</suite>
</statistics>
<errors>
</errors>
</robot>
